[debug] [2021-01-14T13:04:20.430Z] ----------------------------------------------------------------------
[debug] [2021-01-14T13:04:20.433Z] Command:       C:\Program Files\nodejs\node.exe C:\Users\Archie\AppData\Roaming\npm\node_modules\firebase-tools\lib\bin\firebase.js emulators:start
[debug] [2021-01-14T13:04:20.433Z] CLI Version:   9.1.0
[debug] [2021-01-14T13:04:20.433Z] Platform:      win32
[debug] [2021-01-14T13:04:20.433Z] Node Version:  v12.0.0
[debug] [2021-01-14T13:04:20.435Z] Time:          Thu Jan 14 2021 13:04:20 GMT+0000 (Greenwich Mean Time)
[debug] [2021-01-14T13:04:20.435Z] ----------------------------------------------------------------------
[debug] [2021-01-14T13:04:20.435Z] 
[debug] [2021-01-14T13:04:20.443Z] > command requires scopes: ["email","openid","https://www.googleapis.com/auth/cloudplatformprojects.readonly","https://www.googleapis.com/auth/firebase","https://www.googleapis.com/auth/cloud-platform"]
[debug] [2021-01-14T13:04:20.443Z] > authorizing via signed-in user
[info] i  emulators: Starting emulators: functions, hosting {"metadata":{"emulator":{"name":"hub"},"message":"Starting emulators: functions, hosting"}}
[debug] [2021-01-14T13:04:22.463Z] [hub] writing locator at C:\Users\Archie\AppData\Local\Temp\hub-test-cf-97bfc.json
[warn] !  functions: The following emulators are not running, calls to these services from the Functions emulator will affect production: auth, firestore, database, pubsub {"metadata":{"emulator":{"name":"functions"},"message":"The following emulators are not running, calls to these services from the Functions emulator will affect production: \u001b[1mauth, firestore, database, pubsub\u001b[22m"}}
[info] +  functions: Using node@12 from host. {"metadata":{"emulator":{"name":"functions"},"message":"Using node@12 from host."}}
[debug] [2021-01-14T13:04:24.494Z] defaultcredentials: writing to file C:\Users\Archie\AppData\Roaming\firebase\archiesmyth26_googlemail_com_application_default_credentials.json
[debug] [2021-01-14T13:04:24.497Z] Setting GAC to C:\Users\Archie\AppData\Roaming\firebase\archiesmyth26_googlemail_com_application_default_credentials.json {"metadata":{"emulator":{"name":"functions"},"message":"Setting GAC to C:\\Users\\Archie\\AppData\\Roaming\\firebase\\archiesmyth26_googlemail_com_application_default_credentials.json"}}
[debug] [2021-01-14T13:04:26.508Z] >>> HTTP REQUEST GET https://firebase.googleapis.com/v1beta1/projects/test-cf-97bfc/webApps/-/config  
 
[debug] [2021-01-14T13:04:32.868Z] <<< HTTP RESPONSE 200 {"content-type":"application/json; charset=UTF-8","vary":"X-Origin, Referer, Origin,Accept-Encoding","date":"Thu, 14 Jan 2021 13:04:32 GMT","server":"ESF","cache-control":"private","x-xss-protection":"0","x-frame-options":"SAMEORIGIN","x-content-type-options":"nosniff","alt-svc":"h3-29=\":443\"; ma=2592000,h3-T051=\":443\"; ma=2592000,h3-Q050=\":443\"; ma=2592000,h3-Q046=\":443\"; ma=2592000,h3-Q043=\":443\"; ma=2592000,quic=\":443\"; ma=2592000; v=\"46,43\"","accept-ranges":"none","transfer-encoding":"chunked"}
[info] i  hosting: Serving hosting files from: build {"metadata":{"emulator":{"name":"hosting"},"message":"Serving hosting files from: \u001b[1mbuild\u001b[22m"}}
[info] +  hosting: Local server: http://localhost:5000 {"metadata":{"emulator":{"name":"hosting"},"message":"Local server: \u001b[4m\u001b[1mhttp://localhost:5000\u001b[22m\u001b[24m"}}
[debug] [2021-01-14T13:04:36.927Z] Ignoring unsupported arg: auto_download {"metadata":{"emulator":{"name":"ui"},"message":"Ignoring unsupported arg: auto_download"}}
[debug] [2021-01-14T13:04:36.927Z] Ignoring unsupported arg: port {"metadata":{"emulator":{"name":"ui"},"message":"Ignoring unsupported arg: port"}}
[debug] [2021-01-14T13:04:36.927Z] Starting Emulator UI with command {"binary":"node","args":["C:\\Users\\Archie\\.cache\\firebase\\emulators\\ui-v1.4.1\\server.bundle.js"],"optionalArgs":[],"joinArgs":false} {"metadata":{"emulator":{"name":"ui"},"message":"Starting Emulator UI with command {\"binary\":\"node\",\"args\":[\"C:\\\\Users\\\\Archie\\\\.cache\\\\firebase\\\\emulators\\\\ui-v1.4.1\\\\server.bundle.js\"],\"optionalArgs\":[],\"joinArgs\":false}"}}
[info] i  ui: Emulator UI logging to ui-debug.log {"metadata":{"emulator":{"name":"ui"},"message":"Emulator UI logging to \u001b[1mui-debug.log\u001b[22m"}}
[debug] [2021-01-14T13:04:37.210Z] Web / API server started at http://localhost:4000
 {"metadata":{"emulator":{"name":"ui"},"message":"Web / API server started at http://localhost:4000\n"}}
[info] i  functions: Watching "C:\Users\Archie\Documents\reactProjects\Eth-Orb-Box\client\functions" for Cloud Functions... {"metadata":{"emulator":{"name":"functions"},"message":"Watching \"C:\\Users\\Archie\\Documents\\reactProjects\\Eth-Orb-Box\\client\\functions\" for Cloud Functions..."}}
[debug] [2021-01-14T13:04:37.632Z] [worker-pool] addWorker(~diagnostic~) {"metadata":{"emulator":{"name":"functions"},"message":"[worker-pool] addWorker(~diagnostic~)"}}
[debug] [2021-01-14T13:04:37.632Z] [worker-pool] Adding worker with key ~diagnostic~, total=1 {"metadata":{"emulator":{"name":"functions"},"message":"[worker-pool] Adding worker with key ~diagnostic~, total=1"}}
[debug] [2021-01-14T13:04:37.632Z] [worker-pool] submitWork(triggerId=) {"metadata":{"emulator":{"name":"functions"},"message":"[worker-pool] submitWork(triggerId=)"}}
[debug] [2021-01-14T13:04:37.632Z] [worker-~diagnostic~-c497cbd0-8e5b-4a5f-a85f-6162654ac79c]: Assigning socketPath: \\?\pipe\C:\Users\Archie\Documents\reactProjects\Eth-Orb-Box\client\functions\8880 {"metadata":{"emulator":{"name":"functions"},"message":"[worker-~diagnostic~-c497cbd0-8e5b-4a5f-a85f-6162654ac79c]: Assigning socketPath: \\\\?\\pipe\\C:\\Users\\Archie\\Documents\\reactProjects\\Eth-Orb-Box\\client\\functions\\8880"}}
[debug] [2021-01-14T13:04:37.632Z] [worker-~diagnostic~-c497cbd0-8e5b-4a5f-a85f-6162654ac79c]: BUSY {"metadata":{"emulator":{"name":"functions"},"message":"[worker-~diagnostic~-c497cbd0-8e5b-4a5f-a85f-6162654ac79c]: BUSY"}}
[debug] [2021-01-14T13:04:37.835Z] [runtime-status] [8880] Functions runtime initialized. {"cwd":"C:\\Users\\Archie\\Documents\\reactProjects\\Eth-Orb-Box\\client\\functions","node_version":"12.0.0"} {"metadata":{"emulator":{"name":"functions"},"message":"[runtime-status] [8880] Functions runtime initialized. {\"cwd\":\"C:\\\\Users\\\\Archie\\\\Documents\\\\reactProjects\\\\Eth-Orb-Box\\\\client\\\\functions\",\"node_version\":\"12.0.0\"}"}}
[debug] [2021-01-14T13:04:37.835Z] [runtime-status] [8880] Disabled runtime features: undefined {"metadata":{"emulator":{"name":"functions"},"message":"[runtime-status] [8880] Disabled runtime features: undefined"}}
[debug] [2021-01-14T13:04:37.839Z] [runtime-status] [8880] Resolved module firebase-admin {"declared":true,"installed":true,"version":"9.4.2","resolution":"C:\\Users\\Archie\\node_modules\\firebase-admin\\lib\\index.js"} {"metadata":{"emulator":{"name":"functions"},"message":"[runtime-status] [8880] Resolved module firebase-admin {\"declared\":true,\"installed\":true,\"version\":\"9.4.2\",\"resolution\":\"C:\\\\Users\\\\Archie\\\\node_modules\\\\firebase-admin\\\\lib\\\\index.js\"}"}}
[debug] [2021-01-14T13:04:37.842Z] [runtime-status] [8880] Resolved module firebase-functions {"declared":true,"installed":true,"version":"3.13.0","resolution":"C:\\Users\\Archie\\node_modules\\firebase-functions\\lib\\index.js"} {"metadata":{"emulator":{"name":"functions"},"message":"[runtime-status] [8880] Resolved module firebase-functions {\"declared\":true,\"installed\":true,\"version\":\"3.13.0\",\"resolution\":\"C:\\\\Users\\\\Archie\\\\node_modules\\\\firebase-functions\\\\lib\\\\index.js\"}"}}
[debug] [2021-01-14T13:04:37.842Z] [runtime-status] [8880] Resolved module firebase-functions {"declared":true,"installed":true,"version":"3.13.0","resolution":"C:\\Users\\Archie\\node_modules\\firebase-functions\\lib\\index.js"} {"metadata":{"emulator":{"name":"functions"},"message":"[runtime-status] [8880] Resolved module firebase-functions {\"declared\":true,\"installed\":true,\"version\":\"3.13.0\",\"resolution\":\"C:\\\\Users\\\\Archie\\\\node_modules\\\\firebase-functions\\\\lib\\\\index.js\"}"}}
[debug] [2021-01-14T13:04:37.844Z] [runtime-status] [8880] Outgoing network have been stubbed. [{"name":"http","status":"mocked"},{"name":"http","status":"mocked"},{"name":"https","status":"mocked"},{"name":"https","status":"mocked"},{"name":"net","status":"mocked"}] {"metadata":{"emulator":{"name":"functions"},"message":"[runtime-status] [8880] Outgoing network have been stubbed. [{\"name\":\"http\",\"status\":\"mocked\"},{\"name\":\"http\",\"status\":\"mocked\"},{\"name\":\"https\",\"status\":\"mocked\"},{\"name\":\"https\",\"status\":\"mocked\"},{\"name\":\"net\",\"status\":\"mocked\"}]"}}
[debug] [2021-01-14T13:04:37.844Z] [runtime-status] [8880] Resolved module firebase-functions {"declared":true,"installed":true,"version":"3.13.0","resolution":"C:\\Users\\Archie\\node_modules\\firebase-functions\\lib\\index.js"} {"metadata":{"emulator":{"name":"functions"},"message":"[runtime-status] [8880] Resolved module firebase-functions {\"declared\":true,\"installed\":true,\"version\":\"3.13.0\",\"resolution\":\"C:\\\\Users\\\\Archie\\\\node_modules\\\\firebase-functions\\\\lib\\\\index.js\"}"}}
[debug] [2021-01-14T13:04:37.980Z] [runtime-status] [8880] Checked functions.config() {"config":{}} {"metadata":{"emulator":{"name":"functions"},"message":"[runtime-status] [8880] Checked functions.config() {\"config\":{}}"}}
[debug] [2021-01-14T13:04:37.980Z] [runtime-status] [8880] firebase-functions has been stubbed. {"functionsResolution":{"declared":true,"installed":true,"version":"3.13.0","resolution":"C:\\Users\\Archie\\node_modules\\firebase-functions\\lib\\index.js"}} {"metadata":{"emulator":{"name":"functions"},"message":"[runtime-status] [8880] firebase-functions has been stubbed. {\"functionsResolution\":{\"declared\":true,\"installed\":true,\"version\":\"3.13.0\",\"resolution\":\"C:\\\\Users\\\\Archie\\\\node_modules\\\\firebase-functions\\\\lib\\\\index.js\"}}"}}
[debug] [2021-01-14T13:04:37.981Z] [runtime-status] [8880] Resolved module firebase-functions {"declared":true,"installed":true,"version":"3.13.0","resolution":"C:\\Users\\Archie\\node_modules\\firebase-functions\\lib\\index.js"} {"metadata":{"emulator":{"name":"functions"},"message":"[runtime-status] [8880] Resolved module firebase-functions {\"declared\":true,\"installed\":true,\"version\":\"3.13.0\",\"resolution\":\"C:\\\\Users\\\\Archie\\\\node_modules\\\\firebase-functions\\\\lib\\\\index.js\"}"}}
[debug] [2021-01-14T13:04:37.982Z] [runtime-status] [8880] Resolved module firebase-admin {"declared":true,"installed":true,"version":"9.4.2","resolution":"C:\\Users\\Archie\\node_modules\\firebase-admin\\lib\\index.js"} {"metadata":{"emulator":{"name":"functions"},"message":"[runtime-status] [8880] Resolved module firebase-admin {\"declared\":true,\"installed\":true,\"version\":\"9.4.2\",\"resolution\":\"C:\\\\Users\\\\Archie\\\\node_modules\\\\firebase-admin\\\\lib\\\\index.js\"}"}}
[debug] [2021-01-14T13:04:37.982Z] [runtime-status] [8880] Resolved module firebase-functions {"declared":true,"installed":true,"version":"3.13.0","resolution":"C:\\Users\\Archie\\node_modules\\firebase-functions\\lib\\index.js"} {"metadata":{"emulator":{"name":"functions"},"message":"[runtime-status] [8880] Resolved module firebase-functions {\"declared\":true,\"installed\":true,\"version\":\"3.13.0\",\"resolution\":\"C:\\\\Users\\\\Archie\\\\node_modules\\\\firebase-functions\\\\lib\\\\index.js\"}"}}
[debug] [2021-01-14T13:04:37.982Z] [runtime-status] [8880] firebase-admin has been stubbed. {"adminResolution":{"declared":true,"installed":true,"version":"9.4.2","resolution":"C:\\Users\\Archie\\node_modules\\firebase-admin\\lib\\index.js"}} {"metadata":{"emulator":{"name":"functions"},"message":"[runtime-status] [8880] firebase-admin has been stubbed. {\"adminResolution\":{\"declared\":true,\"installed\":true,\"version\":\"9.4.2\",\"resolution\":\"C:\\\\Users\\\\Archie\\\\node_modules\\\\firebase-admin\\\\lib\\\\index.js\"}}"}}
[info] 
┌─────────────────────────────────────────────────────────────┐
│ ✔  All emulators ready! It is now safe to connect your app. │
│ i  View Emulator UI at http://localhost:4000                │
└─────────────────────────────────────────────────────────────┘

┌───────────┬────────────────┬─────────────────────────────────┐
│ Emulator  │ Host:Port      │ View in Emulator UI             │
├───────────┼────────────────┼─────────────────────────────────┤
│ Functions │ localhost:5001 │ http://localhost:4000/functions │
├───────────┼────────────────┼─────────────────────────────────┤
│ Hosting   │ localhost:5000 │ n/a                             │
└───────────┴────────────────┴─────────────────────────────────┘
  Emulator Hub running at localhost:4400
  Other reserved ports: 4500

Issues? Report them at https://github.com/firebase/firebase-tools/issues and attach the *-debug.log files.
 
[debug] [2021-01-14T13:04:38.075Z] [worker-~diagnostic~-c497cbd0-8e5b-4a5f-a85f-6162654ac79c]: IDLE {"metadata":{"emulator":{"name":"functions"},"message":"[worker-~diagnostic~-c497cbd0-8e5b-4a5f-a85f-6162654ac79c]: IDLE"}}
[debug] [2021-01-14T13:04:57.013Z] File C:\Users\Archie\Documents\reactProjects\Eth-Orb-Box\client\functions\index.js changed, reloading triggers {"metadata":{"emulator":{"name":"functions"},"message":"File C:\\Users\\Archie\\Documents\\reactProjects\\Eth-Orb-Box\\client\\functions\\index.js changed, reloading triggers"}}
[debug] [2021-01-14T13:04:58.014Z] [worker-pool] Shutting down IDLE worker (~diagnostic~) {"metadata":{"emulator":{"name":"functions"},"message":"[worker-pool] Shutting down IDLE worker (~diagnostic~)"}}
[debug] [2021-01-14T13:04:58.014Z] [worker-~diagnostic~-c497cbd0-8e5b-4a5f-a85f-6162654ac79c]: FINISHING {"metadata":{"emulator":{"name":"functions"},"message":"[worker-~diagnostic~-c497cbd0-8e5b-4a5f-a85f-6162654ac79c]: FINISHING"}}
[debug] [2021-01-14T13:04:58.096Z] [worker-pool] addWorker(~diagnostic~) {"metadata":{"emulator":{"name":"functions"},"message":"[worker-pool] addWorker(~diagnostic~)"}}
[debug] [2021-01-14T13:04:58.096Z] [worker-pool] Adding worker with key ~diagnostic~, total=2 {"metadata":{"emulator":{"name":"functions"},"message":"[worker-pool] Adding worker with key ~diagnostic~, total=2"}}
[debug] [2021-01-14T13:04:58.096Z] [worker-pool] submitWork(triggerId=) {"metadata":{"emulator":{"name":"functions"},"message":"[worker-pool] submitWork(triggerId=)"}}
[debug] [2021-01-14T13:04:58.096Z] [worker-~diagnostic~-e16ba416-f925-4cb1-b4b7-1d69f3ac2b1b]: Assigning socketPath: \\?\pipe\C:\Users\Archie\Documents\reactProjects\Eth-Orb-Box\client\functions\7120 {"metadata":{"emulator":{"name":"functions"},"message":"[worker-~diagnostic~-e16ba416-f925-4cb1-b4b7-1d69f3ac2b1b]: Assigning socketPath: \\\\?\\pipe\\C:\\Users\\Archie\\Documents\\reactProjects\\Eth-Orb-Box\\client\\functions\\7120"}}
[debug] [2021-01-14T13:04:58.097Z] [worker-~diagnostic~-e16ba416-f925-4cb1-b4b7-1d69f3ac2b1b]: BUSY {"metadata":{"emulator":{"name":"functions"},"message":"[worker-~diagnostic~-e16ba416-f925-4cb1-b4b7-1d69f3ac2b1b]: BUSY"}}
[debug] [2021-01-14T13:04:58.098Z] [worker-~diagnostic~-c497cbd0-8e5b-4a5f-a85f-6162654ac79c]: exited {"metadata":{"emulator":{"name":"functions"},"message":"[worker-~diagnostic~-c497cbd0-8e5b-4a5f-a85f-6162654ac79c]: exited"}}
[debug] [2021-01-14T13:04:58.098Z] [worker-~diagnostic~-c497cbd0-8e5b-4a5f-a85f-6162654ac79c]: FINISHED {"metadata":{"emulator":{"name":"functions"},"message":"[worker-~diagnostic~-c497cbd0-8e5b-4a5f-a85f-6162654ac79c]: FINISHED"}}
[debug] [2021-01-14T13:04:58.297Z] [runtime-status] [7120] Functions runtime initialized. {"cwd":"C:\\Users\\Archie\\Documents\\reactProjects\\Eth-Orb-Box\\client\\functions","node_version":"12.0.0"} {"metadata":{"emulator":{"name":"functions"},"message":"[runtime-status] [7120] Functions runtime initialized. {\"cwd\":\"C:\\\\Users\\\\Archie\\\\Documents\\\\reactProjects\\\\Eth-Orb-Box\\\\client\\\\functions\",\"node_version\":\"12.0.0\"}"}}
[debug] [2021-01-14T13:04:58.298Z] [runtime-status] [7120] Disabled runtime features: undefined {"metadata":{"emulator":{"name":"functions"},"message":"[runtime-status] [7120] Disabled runtime features: undefined"}}
[debug] [2021-01-14T13:04:58.302Z] [runtime-status] [7120] Resolved module firebase-admin {"declared":true,"installed":true,"version":"9.4.2","resolution":"C:\\Users\\Archie\\node_modules\\firebase-admin\\lib\\index.js"} {"metadata":{"emulator":{"name":"functions"},"message":"[runtime-status] [7120] Resolved module firebase-admin {\"declared\":true,\"installed\":true,\"version\":\"9.4.2\",\"resolution\":\"C:\\\\Users\\\\Archie\\\\node_modules\\\\firebase-admin\\\\lib\\\\index.js\"}"}}
[debug] [2021-01-14T13:04:58.304Z] [runtime-status] [7120] Resolved module firebase-functions {"declared":true,"installed":true,"version":"3.13.0","resolution":"C:\\Users\\Archie\\node_modules\\firebase-functions\\lib\\index.js"} {"metadata":{"emulator":{"name":"functions"},"message":"[runtime-status] [7120] Resolved module firebase-functions {\"declared\":true,\"installed\":true,\"version\":\"3.13.0\",\"resolution\":\"C:\\\\Users\\\\Archie\\\\node_modules\\\\firebase-functions\\\\lib\\\\index.js\"}"}}
[debug] [2021-01-14T13:04:58.305Z] [runtime-status] [7120] Resolved module firebase-functions {"declared":true,"installed":true,"version":"3.13.0","resolution":"C:\\Users\\Archie\\node_modules\\firebase-functions\\lib\\index.js"} {"metadata":{"emulator":{"name":"functions"},"message":"[runtime-status] [7120] Resolved module firebase-functions {\"declared\":true,\"installed\":true,\"version\":\"3.13.0\",\"resolution\":\"C:\\\\Users\\\\Archie\\\\node_modules\\\\firebase-functions\\\\lib\\\\index.js\"}"}}
[debug] [2021-01-14T13:04:58.306Z] [runtime-status] [7120] Outgoing network have been stubbed. [{"name":"http","status":"mocked"},{"name":"http","status":"mocked"},{"name":"https","status":"mocked"},{"name":"https","status":"mocked"},{"name":"net","status":"mocked"}] {"metadata":{"emulator":{"name":"functions"},"message":"[runtime-status] [7120] Outgoing network have been stubbed. [{\"name\":\"http\",\"status\":\"mocked\"},{\"name\":\"http\",\"status\":\"mocked\"},{\"name\":\"https\",\"status\":\"mocked\"},{\"name\":\"https\",\"status\":\"mocked\"},{\"name\":\"net\",\"status\":\"mocked\"}]"}}
[debug] [2021-01-14T13:04:58.307Z] [runtime-status] [7120] Resolved module firebase-functions {"declared":true,"installed":true,"version":"3.13.0","resolution":"C:\\Users\\Archie\\node_modules\\firebase-functions\\lib\\index.js"} {"metadata":{"emulator":{"name":"functions"},"message":"[runtime-status] [7120] Resolved module firebase-functions {\"declared\":true,\"installed\":true,\"version\":\"3.13.0\",\"resolution\":\"C:\\\\Users\\\\Archie\\\\node_modules\\\\firebase-functions\\\\lib\\\\index.js\"}"}}
[debug] [2021-01-14T13:04:58.350Z] [runtime-status] [7120] Checked functions.config() {"config":{}} {"metadata":{"emulator":{"name":"functions"},"message":"[runtime-status] [7120] Checked functions.config() {\"config\":{}}"}}
[debug] [2021-01-14T13:04:58.350Z] [runtime-status] [7120] firebase-functions has been stubbed. {"functionsResolution":{"declared":true,"installed":true,"version":"3.13.0","resolution":"C:\\Users\\Archie\\node_modules\\firebase-functions\\lib\\index.js"}} {"metadata":{"emulator":{"name":"functions"},"message":"[runtime-status] [7120] firebase-functions has been stubbed. {\"functionsResolution\":{\"declared\":true,\"installed\":true,\"version\":\"3.13.0\",\"resolution\":\"C:\\\\Users\\\\Archie\\\\node_modules\\\\firebase-functions\\\\lib\\\\index.js\"}}"}}
[debug] [2021-01-14T13:04:58.350Z] [runtime-status] [7120] Resolved module firebase-functions {"declared":true,"installed":true,"version":"3.13.0","resolution":"C:\\Users\\Archie\\node_modules\\firebase-functions\\lib\\index.js"} {"metadata":{"emulator":{"name":"functions"},"message":"[runtime-status] [7120] Resolved module firebase-functions {\"declared\":true,\"installed\":true,\"version\":\"3.13.0\",\"resolution\":\"C:\\\\Users\\\\Archie\\\\node_modules\\\\firebase-functions\\\\lib\\\\index.js\"}"}}
[debug] [2021-01-14T13:04:58.351Z] [runtime-status] [7120] Resolved module firebase-admin {"declared":true,"installed":true,"version":"9.4.2","resolution":"C:\\Users\\Archie\\node_modules\\firebase-admin\\lib\\index.js"} {"metadata":{"emulator":{"name":"functions"},"message":"[runtime-status] [7120] Resolved module firebase-admin {\"declared\":true,\"installed\":true,\"version\":\"9.4.2\",\"resolution\":\"C:\\\\Users\\\\Archie\\\\node_modules\\\\firebase-admin\\\\lib\\\\index.js\"}"}}
[debug] [2021-01-14T13:04:58.352Z] [runtime-status] [7120] Resolved module firebase-functions {"declared":true,"installed":true,"version":"3.13.0","resolution":"C:\\Users\\Archie\\node_modules\\firebase-functions\\lib\\index.js"} {"metadata":{"emulator":{"name":"functions"},"message":"[runtime-status] [7120] Resolved module firebase-functions {\"declared\":true,\"installed\":true,\"version\":\"3.13.0\",\"resolution\":\"C:\\\\Users\\\\Archie\\\\node_modules\\\\firebase-functions\\\\lib\\\\index.js\"}"}}
[debug] [2021-01-14T13:04:58.352Z] [runtime-status] [7120] firebase-admin has been stubbed. {"adminResolution":{"declared":true,"installed":true,"version":"9.4.2","resolution":"C:\\Users\\Archie\\node_modules\\firebase-admin\\lib\\index.js"}} {"metadata":{"emulator":{"name":"functions"},"message":"[runtime-status] [7120] firebase-admin has been stubbed. {\"adminResolution\":{\"declared\":true,\"installed\":true,\"version\":\"9.4.2\",\"resolution\":\"C:\\\\Users\\\\Archie\\\\node_modules\\\\firebase-admin\\\\lib\\\\index.js\"}}"}}
[warn] !  C:\Users\Archie\Documents\reactProjects\Eth-Orb-Box\client\functions\index.js:40
export const testAPI = functions.https.onRequest(app);
^^^^^^

SyntaxError: Unexpected token export
    at Module._compile (internal/modules/cjs/loader.js:703:23)
    at Object.Module._extensions..js (internal/modules/cjs/loader.js:770:10)
    at Module.load (internal/modules/cjs/loader.js:628:32)
    at Function.Module._load (internal/modules/cjs/loader.js:555:12)
    at Module.require (internal/modules/cjs/loader.js:666:19)
    at require (internal/modules/cjs/helpers.js:16:16)
    at initializeRuntime (C:\Users\Archie\AppData\Roaming\npm\node_modules\firebase-tools\lib\emulator\functionsEmulatorRuntime.js:674:29)
    at processTicksAndRejections (internal/process/task_queues.js:88:5)
    at async handleMessage (C:\Users\Archie\AppData\Roaming\npm\node_modules\firebase-tools\lib\emulator\functionsEmulatorRuntime.js:712:20) {"metadata":{"emulator":{"name":"functions"},"message":"C:\\Users\\Archie\\Documents\\reactProjects\\Eth-Orb-Box\\client\\functions\\index.js:40\nexport const testAPI = functions.https.onRequest(app);\n^^^^^^\n\nSyntaxError: Unexpected token export\n    at Module._compile (internal/modules/cjs/loader.js:703:23)\n    at Object.Module._extensions..js (internal/modules/cjs/loader.js:770:10)\n    at Module.load (internal/modules/cjs/loader.js:628:32)\n    at Function.Module._load (internal/modules/cjs/loader.js:555:12)\n    at Module.require (internal/modules/cjs/loader.js:666:19)\n    at require (internal/modules/cjs/helpers.js:16:16)\n    at initializeRuntime (C:\\Users\\Archie\\AppData\\Roaming\\npm\\node_modules\\firebase-tools\\lib\\emulator\\functionsEmulatorRuntime.js:674:29)\n    at processTicksAndRejections (internal/process/task_queues.js:88:5)\n    at async handleMessage (C:\\Users\\Archie\\AppData\\Roaming\\npm\\node_modules\\firebase-tools\\lib\\emulator\\functionsEmulatorRuntime.js:712:20)"}}
[warn] !  We were unable to load your functions code. (see above) {"metadata":{"emulator":{"name":"functions"}}}
[debug] [2021-01-14T13:04:58.374Z] [worker-~diagnostic~-e16ba416-f925-4cb1-b4b7-1d69f3ac2b1b]: exited {"metadata":{"emulator":{"name":"functions"},"message":"[worker-~diagnostic~-e16ba416-f925-4cb1-b4b7-1d69f3ac2b1b]: exited"}}
[debug] [2021-01-14T13:04:58.375Z] [worker-~diagnostic~-e16ba416-f925-4cb1-b4b7-1d69f3ac2b1b]: FINISHED {"metadata":{"emulator":{"name":"functions"},"message":"[worker-~diagnostic~-e16ba416-f925-4cb1-b4b7-1d69f3ac2b1b]: FINISHED"}}
[debug] [2021-01-14T13:06:21.542Z] File C:\Users\Archie\Documents\reactProjects\Eth-Orb-Box\client\functions\index.js changed, reloading triggers {"metadata":{"emulator":{"name":"functions"},"message":"File C:\\Users\\Archie\\Documents\\reactProjects\\Eth-Orb-Box\\client\\functions\\index.js changed, reloading triggers"}}
[debug] [2021-01-14T13:06:22.543Z] [worker-pool] Cleaned up workers for ~diagnostic~: 2 --> 0 {"metadata":{"emulator":{"name":"functions"},"message":"[worker-pool] Cleaned up workers for ~diagnostic~: 2 --> 0"}}
[debug] [2021-01-14T13:06:22.625Z] [worker-pool] addWorker(~diagnostic~) {"metadata":{"emulator":{"name":"functions"},"message":"[worker-pool] addWorker(~diagnostic~)"}}
[debug] [2021-01-14T13:06:22.625Z] [worker-pool] Adding worker with key ~diagnostic~, total=1 {"metadata":{"emulator":{"name":"functions"},"message":"[worker-pool] Adding worker with key ~diagnostic~, total=1"}}
[debug] [2021-01-14T13:06:22.625Z] [worker-pool] submitWork(triggerId=) {"metadata":{"emulator":{"name":"functions"},"message":"[worker-pool] submitWork(triggerId=)"}}
[debug] [2021-01-14T13:06:22.625Z] [worker-~diagnostic~-4707fa9f-5aed-437e-af5e-7161c918851d]: Assigning socketPath: \\?\pipe\C:\Users\Archie\Documents\reactProjects\Eth-Orb-Box\client\functions\9576 {"metadata":{"emulator":{"name":"functions"},"message":"[worker-~diagnostic~-4707fa9f-5aed-437e-af5e-7161c918851d]: Assigning socketPath: \\\\?\\pipe\\C:\\Users\\Archie\\Documents\\reactProjects\\Eth-Orb-Box\\client\\functions\\9576"}}
[debug] [2021-01-14T13:06:22.625Z] [worker-~diagnostic~-4707fa9f-5aed-437e-af5e-7161c918851d]: BUSY {"metadata":{"emulator":{"name":"functions"},"message":"[worker-~diagnostic~-4707fa9f-5aed-437e-af5e-7161c918851d]: BUSY"}}
[debug] [2021-01-14T13:06:22.834Z] [runtime-status] [9576] Functions runtime initialized. {"cwd":"C:\\Users\\Archie\\Documents\\reactProjects\\Eth-Orb-Box\\client\\functions","node_version":"12.0.0"} {"metadata":{"emulator":{"name":"functions"},"message":"[runtime-status] [9576] Functions runtime initialized. {\"cwd\":\"C:\\\\Users\\\\Archie\\\\Documents\\\\reactProjects\\\\Eth-Orb-Box\\\\client\\\\functions\",\"node_version\":\"12.0.0\"}"}}
[debug] [2021-01-14T13:06:22.835Z] [runtime-status] [9576] Disabled runtime features: undefined {"metadata":{"emulator":{"name":"functions"},"message":"[runtime-status] [9576] Disabled runtime features: undefined"}}
[debug] [2021-01-14T13:06:22.839Z] [runtime-status] [9576] Resolved module firebase-admin {"declared":true,"installed":true,"version":"9.4.2","resolution":"C:\\Users\\Archie\\node_modules\\firebase-admin\\lib\\index.js"} {"metadata":{"emulator":{"name":"functions"},"message":"[runtime-status] [9576] Resolved module firebase-admin {\"declared\":true,\"installed\":true,\"version\":\"9.4.2\",\"resolution\":\"C:\\\\Users\\\\Archie\\\\node_modules\\\\firebase-admin\\\\lib\\\\index.js\"}"}}
[debug] [2021-01-14T13:06:22.841Z] [runtime-status] [9576] Resolved module firebase-functions {"declared":true,"installed":true,"version":"3.13.0","resolution":"C:\\Users\\Archie\\node_modules\\firebase-functions\\lib\\index.js"} {"metadata":{"emulator":{"name":"functions"},"message":"[runtime-status] [9576] Resolved module firebase-functions {\"declared\":true,\"installed\":true,\"version\":\"3.13.0\",\"resolution\":\"C:\\\\Users\\\\Archie\\\\node_modules\\\\firebase-functions\\\\lib\\\\index.js\"}"}}
[debug] [2021-01-14T13:06:22.842Z] [runtime-status] [9576] Resolved module firebase-functions {"declared":true,"installed":true,"version":"3.13.0","resolution":"C:\\Users\\Archie\\node_modules\\firebase-functions\\lib\\index.js"} {"metadata":{"emulator":{"name":"functions"},"message":"[runtime-status] [9576] Resolved module firebase-functions {\"declared\":true,\"installed\":true,\"version\":\"3.13.0\",\"resolution\":\"C:\\\\Users\\\\Archie\\\\node_modules\\\\firebase-functions\\\\lib\\\\index.js\"}"}}
[debug] [2021-01-14T13:06:22.843Z] [runtime-status] [9576] Outgoing network have been stubbed. [{"name":"http","status":"mocked"},{"name":"http","status":"mocked"},{"name":"https","status":"mocked"},{"name":"https","status":"mocked"},{"name":"net","status":"mocked"}] {"metadata":{"emulator":{"name":"functions"},"message":"[runtime-status] [9576] Outgoing network have been stubbed. [{\"name\":\"http\",\"status\":\"mocked\"},{\"name\":\"http\",\"status\":\"mocked\"},{\"name\":\"https\",\"status\":\"mocked\"},{\"name\":\"https\",\"status\":\"mocked\"},{\"name\":\"net\",\"status\":\"mocked\"}]"}}
[debug] [2021-01-14T13:06:22.844Z] [runtime-status] [9576] Resolved module firebase-functions {"declared":true,"installed":true,"version":"3.13.0","resolution":"C:\\Users\\Archie\\node_modules\\firebase-functions\\lib\\index.js"} {"metadata":{"emulator":{"name":"functions"},"message":"[runtime-status] [9576] Resolved module firebase-functions {\"declared\":true,\"installed\":true,\"version\":\"3.13.0\",\"resolution\":\"C:\\\\Users\\\\Archie\\\\node_modules\\\\firebase-functions\\\\lib\\\\index.js\"}"}}
[debug] [2021-01-14T13:06:22.886Z] [runtime-status] [9576] Checked functions.config() {"config":{}} {"metadata":{"emulator":{"name":"functions"},"message":"[runtime-status] [9576] Checked functions.config() {\"config\":{}}"}}
[debug] [2021-01-14T13:06:22.887Z] [runtime-status] [9576] firebase-functions has been stubbed. {"functionsResolution":{"declared":true,"installed":true,"version":"3.13.0","resolution":"C:\\Users\\Archie\\node_modules\\firebase-functions\\lib\\index.js"}} {"metadata":{"emulator":{"name":"functions"},"message":"[runtime-status] [9576] firebase-functions has been stubbed. {\"functionsResolution\":{\"declared\":true,\"installed\":true,\"version\":\"3.13.0\",\"resolution\":\"C:\\\\Users\\\\Archie\\\\node_modules\\\\firebase-functions\\\\lib\\\\index.js\"}}"}}
[debug] [2021-01-14T13:06:22.887Z] [runtime-status] [9576] Resolved module firebase-functions {"declared":true,"installed":true,"version":"3.13.0","resolution":"C:\\Users\\Archie\\node_modules\\firebase-functions\\lib\\index.js"} {"metadata":{"emulator":{"name":"functions"},"message":"[runtime-status] [9576] Resolved module firebase-functions {\"declared\":true,\"installed\":true,\"version\":\"3.13.0\",\"resolution\":\"C:\\\\Users\\\\Archie\\\\node_modules\\\\firebase-functions\\\\lib\\\\index.js\"}"}}
[debug] [2021-01-14T13:06:22.888Z] [runtime-status] [9576] Resolved module firebase-admin {"declared":true,"installed":true,"version":"9.4.2","resolution":"C:\\Users\\Archie\\node_modules\\firebase-admin\\lib\\index.js"} {"metadata":{"emulator":{"name":"functions"},"message":"[runtime-status] [9576] Resolved module firebase-admin {\"declared\":true,\"installed\":true,\"version\":\"9.4.2\",\"resolution\":\"C:\\\\Users\\\\Archie\\\\node_modules\\\\firebase-admin\\\\lib\\\\index.js\"}"}}
[debug] [2021-01-14T13:06:22.888Z] [runtime-status] [9576] Resolved module firebase-functions {"declared":true,"installed":true,"version":"3.13.0","resolution":"C:\\Users\\Archie\\node_modules\\firebase-functions\\lib\\index.js"} {"metadata":{"emulator":{"name":"functions"},"message":"[runtime-status] [9576] Resolved module firebase-functions {\"declared\":true,\"installed\":true,\"version\":\"3.13.0\",\"resolution\":\"C:\\\\Users\\\\Archie\\\\node_modules\\\\firebase-functions\\\\lib\\\\index.js\"}"}}
[debug] [2021-01-14T13:06:22.889Z] [runtime-status] [9576] firebase-admin has been stubbed. {"adminResolution":{"declared":true,"installed":true,"version":"9.4.2","resolution":"C:\\Users\\Archie\\node_modules\\firebase-admin\\lib\\index.js"}} {"metadata":{"emulator":{"name":"functions"},"message":"[runtime-status] [9576] firebase-admin has been stubbed. {\"adminResolution\":{\"declared\":true,\"installed\":true,\"version\":\"9.4.2\",\"resolution\":\"C:\\\\Users\\\\Archie\\\\node_modules\\\\firebase-admin\\\\lib\\\\index.js\"}}"}}
[info] +  functions[web3test]: http function initialized (http://localhost:5001/test-cf-97bfc/us-central1/web3test). {"metadata":{"emulator":{"name":"functions"},"message":"\u001b[1mhttp\u001b[22m function initialized (http://localhost:5001/test-cf-97bfc/us-central1/web3test)."}}
[debug] [2021-01-14T13:06:25.090Z] [worker-~diagnostic~-4707fa9f-5aed-437e-af5e-7161c918851d]: IDLE {"metadata":{"emulator":{"name":"functions"},"message":"[worker-~diagnostic~-4707fa9f-5aed-437e-af5e-7161c918851d]: IDLE"}}
[debug] [2021-01-14T13:06:29.885Z] [work-queue] {"queueLength":1,"workRunningCount":0}
[debug] [2021-01-14T13:06:29.885Z] [work-queue] {"queueLength":0,"workRunningCount":1}
[debug] [2021-01-14T13:06:29.885Z] Accepted request GET /test-cf-97bfc/us-central1/web3test --> web3test
[debug] [2021-01-14T13:06:29.967Z] [worker-pool] addWorker(web3test) {"metadata":{"emulator":{"name":"functions"},"message":"[worker-pool] addWorker(web3test)"}}
[debug] [2021-01-14T13:06:29.967Z] [worker-pool] Adding worker with key web3test, total=1 {"metadata":{"emulator":{"name":"functions"},"message":"[worker-pool] Adding worker with key web3test, total=1"}}
[debug] [2021-01-14T13:06:29.967Z] [worker-pool] submitWork(triggerId=web3test) {"metadata":{"emulator":{"name":"functions"},"message":"[worker-pool] submitWork(triggerId=web3test)"}}
[debug] [2021-01-14T13:06:29.967Z] [worker-web3test-e4358c05-9f94-4620-bce6-eb6fbb3aac4b]: Assigning socketPath: \\?\pipe\C:\Users\Archie\Documents\reactProjects\Eth-Orb-Box\client\functions\12896 {"metadata":{"emulator":{"name":"functions"},"message":"[worker-web3test-e4358c05-9f94-4620-bce6-eb6fbb3aac4b]: Assigning socketPath: \\\\?\\pipe\\C:\\Users\\Archie\\Documents\\reactProjects\\Eth-Orb-Box\\client\\functions\\12896"}}
[debug] [2021-01-14T13:06:29.967Z] [worker-web3test-e4358c05-9f94-4620-bce6-eb6fbb3aac4b]: BUSY {"metadata":{"emulator":{"name":"functions"},"message":"[worker-web3test-e4358c05-9f94-4620-bce6-eb6fbb3aac4b]: BUSY"}}
[debug] [2021-01-14T13:06:30.165Z] [runtime-status] [12896] Functions runtime initialized. {"cwd":"C:\\Users\\Archie\\Documents\\reactProjects\\Eth-Orb-Box\\client\\functions","node_version":"12.0.0"} {"metadata":{"emulator":{"name":"functions"},"function":{"name":"web3test"},"message":"[runtime-status] [12896] Functions runtime initialized. {\"cwd\":\"C:\\\\Users\\\\Archie\\\\Documents\\\\reactProjects\\\\Eth-Orb-Box\\\\client\\\\functions\",\"node_version\":\"12.0.0\"}"}}
[debug] [2021-01-14T13:06:30.166Z] [runtime-status] [12896] Disabled runtime features: undefined {"metadata":{"emulator":{"name":"functions"},"function":{"name":"web3test"},"message":"[runtime-status] [12896] Disabled runtime features: undefined"}}
[debug] [2021-01-14T13:06:30.170Z] [runtime-status] [12896] Resolved module firebase-admin {"declared":true,"installed":true,"version":"9.4.2","resolution":"C:\\Users\\Archie\\node_modules\\firebase-admin\\lib\\index.js"} {"metadata":{"emulator":{"name":"functions"},"function":{"name":"web3test"},"message":"[runtime-status] [12896] Resolved module firebase-admin {\"declared\":true,\"installed\":true,\"version\":\"9.4.2\",\"resolution\":\"C:\\\\Users\\\\Archie\\\\node_modules\\\\firebase-admin\\\\lib\\\\index.js\"}"}}
[debug] [2021-01-14T13:06:30.172Z] [runtime-status] [12896] Resolved module firebase-functions {"declared":true,"installed":true,"version":"3.13.0","resolution":"C:\\Users\\Archie\\node_modules\\firebase-functions\\lib\\index.js"} {"metadata":{"emulator":{"name":"functions"},"function":{"name":"web3test"},"message":"[runtime-status] [12896] Resolved module firebase-functions {\"declared\":true,\"installed\":true,\"version\":\"3.13.0\",\"resolution\":\"C:\\\\Users\\\\Archie\\\\node_modules\\\\firebase-functions\\\\lib\\\\index.js\"}"}}
[debug] [2021-01-14T13:06:30.172Z] [runtime-status] [12896] Resolved module firebase-functions {"declared":true,"installed":true,"version":"3.13.0","resolution":"C:\\Users\\Archie\\node_modules\\firebase-functions\\lib\\index.js"} {"metadata":{"emulator":{"name":"functions"},"function":{"name":"web3test"},"message":"[runtime-status] [12896] Resolved module firebase-functions {\"declared\":true,\"installed\":true,\"version\":\"3.13.0\",\"resolution\":\"C:\\\\Users\\\\Archie\\\\node_modules\\\\firebase-functions\\\\lib\\\\index.js\"}"}}
[debug] [2021-01-14T13:06:30.174Z] [runtime-status] [12896] Outgoing network have been stubbed. [{"name":"http","status":"mocked"},{"name":"http","status":"mocked"},{"name":"https","status":"mocked"},{"name":"https","status":"mocked"},{"name":"net","status":"mocked"}] {"metadata":{"emulator":{"name":"functions"},"function":{"name":"web3test"},"message":"[runtime-status] [12896] Outgoing network have been stubbed. [{\"name\":\"http\",\"status\":\"mocked\"},{\"name\":\"http\",\"status\":\"mocked\"},{\"name\":\"https\",\"status\":\"mocked\"},{\"name\":\"https\",\"status\":\"mocked\"},{\"name\":\"net\",\"status\":\"mocked\"}]"}}
[debug] [2021-01-14T13:06:30.174Z] [runtime-status] [12896] Resolved module firebase-functions {"declared":true,"installed":true,"version":"3.13.0","resolution":"C:\\Users\\Archie\\node_modules\\firebase-functions\\lib\\index.js"} {"metadata":{"emulator":{"name":"functions"},"function":{"name":"web3test"},"message":"[runtime-status] [12896] Resolved module firebase-functions {\"declared\":true,\"installed\":true,\"version\":\"3.13.0\",\"resolution\":\"C:\\\\Users\\\\Archie\\\\node_modules\\\\firebase-functions\\\\lib\\\\index.js\"}"}}
[debug] [2021-01-14T13:06:30.217Z] [runtime-status] [12896] Checked functions.config() {"config":{}} {"metadata":{"emulator":{"name":"functions"},"function":{"name":"web3test"},"message":"[runtime-status] [12896] Checked functions.config() {\"config\":{}}"}}
[debug] [2021-01-14T13:06:30.218Z] [runtime-status] [12896] firebase-functions has been stubbed. {"functionsResolution":{"declared":true,"installed":true,"version":"3.13.0","resolution":"C:\\Users\\Archie\\node_modules\\firebase-functions\\lib\\index.js"}} {"metadata":{"emulator":{"name":"functions"},"function":{"name":"web3test"},"message":"[runtime-status] [12896] firebase-functions has been stubbed. {\"functionsResolution\":{\"declared\":true,\"installed\":true,\"version\":\"3.13.0\",\"resolution\":\"C:\\\\Users\\\\Archie\\\\node_modules\\\\firebase-functions\\\\lib\\\\index.js\"}}"}}
[debug] [2021-01-14T13:06:30.218Z] [runtime-status] [12896] Resolved module firebase-functions {"declared":true,"installed":true,"version":"3.13.0","resolution":"C:\\Users\\Archie\\node_modules\\firebase-functions\\lib\\index.js"} {"metadata":{"emulator":{"name":"functions"},"function":{"name":"web3test"},"message":"[runtime-status] [12896] Resolved module firebase-functions {\"declared\":true,\"installed\":true,\"version\":\"3.13.0\",\"resolution\":\"C:\\\\Users\\\\Archie\\\\node_modules\\\\firebase-functions\\\\lib\\\\index.js\"}"}}
[debug] [2021-01-14T13:06:30.219Z] [runtime-status] [12896] Resolved module firebase-admin {"declared":true,"installed":true,"version":"9.4.2","resolution":"C:\\Users\\Archie\\node_modules\\firebase-admin\\lib\\index.js"} {"metadata":{"emulator":{"name":"functions"},"function":{"name":"web3test"},"message":"[runtime-status] [12896] Resolved module firebase-admin {\"declared\":true,\"installed\":true,\"version\":\"9.4.2\",\"resolution\":\"C:\\\\Users\\\\Archie\\\\node_modules\\\\firebase-admin\\\\lib\\\\index.js\"}"}}
[debug] [2021-01-14T13:06:30.220Z] [runtime-status] [12896] Resolved module firebase-functions {"declared":true,"installed":true,"version":"3.13.0","resolution":"C:\\Users\\Archie\\node_modules\\firebase-functions\\lib\\index.js"} {"metadata":{"emulator":{"name":"functions"},"function":{"name":"web3test"},"message":"[runtime-status] [12896] Resolved module firebase-functions {\"declared\":true,\"installed\":true,\"version\":\"3.13.0\",\"resolution\":\"C:\\\\Users\\\\Archie\\\\node_modules\\\\firebase-functions\\\\lib\\\\index.js\"}"}}
[debug] [2021-01-14T13:06:30.220Z] [runtime-status] [12896] firebase-admin has been stubbed. {"adminResolution":{"declared":true,"installed":true,"version":"9.4.2","resolution":"C:\\Users\\Archie\\node_modules\\firebase-admin\\lib\\index.js"}} {"metadata":{"emulator":{"name":"functions"},"function":{"name":"web3test"},"message":"[runtime-status] [12896] firebase-admin has been stubbed. {\"adminResolution\":{\"declared\":true,\"installed\":true,\"version\":\"9.4.2\",\"resolution\":\"C:\\\\Users\\\\Archie\\\\node_modules\\\\firebase-admin\\\\lib\\\\index.js\"}}"}}
[debug] [2021-01-14T13:06:31.449Z] [runtime-status] [12896] Trigger "web3test" has been found, beginning invocation! {"metadata":{"emulator":{"name":"functions"},"function":{"name":"web3test"},"message":"[runtime-status] [12896] Trigger \"web3test\" has been found, beginning invocation!"}}
[info] i  functions: Beginning execution of "web3test" {"metadata":{"emulator":{"name":"functions"},"function":{"name":"web3test"},"message":"Beginning execution of \"web3test\""}}
[debug] [2021-01-14T13:06:31.450Z] [runtime-status] [12896] triggerDefinition {"httpsTrigger":{},"name":"web3test","entryPoint":"web3test"} {"metadata":{"emulator":{"name":"functions"},"function":{"name":"web3test"},"message":"[runtime-status] [12896] triggerDefinition {\"httpsTrigger\":{},\"name\":\"web3test\",\"entryPoint\":\"web3test\"}"}}
[debug] [2021-01-14T13:06:31.450Z] [runtime-status] [12896] Running web3test in mode HTTPS {"metadata":{"emulator":{"name":"functions"},"function":{"name":"web3test"},"message":"[runtime-status] [12896] Running web3test in mode HTTPS"}}
[debug] [2021-01-14T13:06:31.453Z] [runtime-status] [12896] Attempting to listen to socketPath: \\?\pipe\C:\Users\Archie\Documents\reactProjects\Eth-Orb-Box\client\functions\12896 {"metadata":{"emulator":{"name":"functions"},"function":{"name":"web3test"},"message":"[runtime-status] [12896] Attempting to listen to socketPath: \\\\?\\pipe\\C:\\Users\\Archie\\Documents\\reactProjects\\Eth-Orb-Box\\client\\functions\\12896"}}
[debug] [2021-01-14T13:06:31.456Z] [functions] Runtime ready! Sending request! {"metadata":{"emulator":{"name":"functions"},"message":"[functions] Runtime ready! Sending request!"}}
[debug] [2021-01-14T13:06:31.463Z] [runtime-status] [12896] Ephemeral server handling GET request {"metadata":{"emulator":{"name":"functions"},"function":{"name":"web3test"},"message":"[runtime-status] [12896] Ephemeral server handling GET request"}}
[debug] [2021-01-14T13:06:31.469Z] [runtime-status] [12896] Ephemeral server survived. {"metadata":{"emulator":{"name":"functions"},"function":{"name":"web3test"},"message":"[runtime-status] [12896] Ephemeral server survived."}}
[info] i  functions: Finished "web3test" in ~1s {"metadata":{"emulator":{"name":"functions"},"function":{"name":"web3test"},"message":"Finished \"web3test\" in ~1s"}}
[debug] [2021-01-14T13:06:31.471Z] [worker-web3test-e4358c05-9f94-4620-bce6-eb6fbb3aac4b]: IDLE {"metadata":{"emulator":{"name":"functions"},"message":"[worker-web3test-e4358c05-9f94-4620-bce6-eb6fbb3aac4b]: IDLE"}}
[debug] [2021-01-14T13:06:31.472Z] [work-queue] {"queueLength":0,"workRunningCount":0}
[debug] [2021-01-14T13:06:31.543Z] Functions emulator received unknown request at path /favicon.ico
[debug] [2021-01-14T13:06:34.256Z] [worker-web3test-e4358c05-9f94-4620-bce6-eb6fbb3aac4b]: exited {"metadata":{"emulator":{"name":"functions"},"message":"[worker-web3test-e4358c05-9f94-4620-bce6-eb6fbb3aac4b]: exited"}}
[debug] [2021-01-14T13:06:34.256Z] [worker-web3test-e4358c05-9f94-4620-bce6-eb6fbb3aac4b]: FINISHED {"metadata":{"emulator":{"name":"functions"},"message":"[worker-web3test-e4358c05-9f94-4620-bce6-eb6fbb3aac4b]: FINISHED"}}
[debug] [2021-01-14T13:06:34.265Z] [worker-~diagnostic~-4707fa9f-5aed-437e-af5e-7161c918851d]: exited {"metadata":{"emulator":{"name":"functions"},"message":"[worker-~diagnostic~-4707fa9f-5aed-437e-af5e-7161c918851d]: exited"}}
